Arguments: 
  D:\apps\node\node.exe C:\Program Files (x86)\Yarn\bin\yarn.js

PATH: 
  C:\Users\bruno\Desktop\cmder\vendor\conemu-maximus5\ConEmu\Scripts;C:\Users\bruno\Desktop\cmder\vendor\conemu-maximus5;C:\Users\bruno\Desktop\cmder\vendor\conemu-maximus5\ConEmu;C:\Program Files (x86)\Common Files\Oracle\Java\javapath;C:\Python310\Scripts\;C:\Python310\;C:\Windows\system32;C:\Windows;C:\Windows\System32\Wbem;C:\Windows\System32\WindowsPowerShell\v1.0\;C:\Windows\System32\OpenSSH\;D:\apps\node\;C:\ProgramData\chocolatey\bin;C:\Program Files\Microsoft SQL Server\150\Tools\Binn\;D:\apps\Git\cmd;C:\Program Files (x86)\Yarn\bin\;C:\Program Files\Microsoft SQL Server\130\Tools\Binn\;C:\Program Files\Microsoft SQL Server\Client SDK\ODBC\170\Tools\Binn\;C:\Program Files\dotnet\;C:\Program Files\PuTTY\;C:\xampp\php;C:\composer;C:\Program Files\Docker\Docker\resources\bin;C:\ProgramData\DockerDesktop\version-bin;C:\Users\bruno\AppData\Local\Microsoft\WindowsApps;D:\apps\Microsoft VS Code\bin;C:\Users\bruno\AppData\Roaming\npm;C:\Users\bruno\.dotnet\tools;C:\Users\bruno\AppData\Local\gitkraken\bin;C:\Users\bruno\AppData\Local\Yarn\bin;C:\Users\bruno\.dotnet\tools;C:\Users\bruno\AppData\Roaming\Composer\vendor\bin;D:\apps\Git\mingw64\bin;D:\apps\Git\usr\bin;C:\Users\bruno\Desktop\cmder\vendor\bin;C:\Users\bruno\Desktop\cmder

Yarn version: 
  1.22.5

Node version: 
  14.18.1

Platform: 
  win32 x64

Trace: 
  Error: ENOENT: no such file or directory, open 'C:\Users\bruno\AppData\Local\Yarn\Cache\v6\npm-node-notifier-8.0.2-f3167a38ef0d2c8a866a83e318c1ba0efeb702c5-integrity\node_modules\node-notifier\.yarn-metadata.json'

npm manifest: 
  {
    "name": "desafio",
    "version": "1.0.0",
    "main": "src/server.js",
    "license": "MIT",
    "scripts": {
      "dev": "nodemon",
      "test": "jest"
    },
    "dependencies": {
      "cors": "^2.8.5",
      "express": "^4.17.1",
      "uuid": "^8.3.2"
    },
    "devDependencies": {
      "jest": "^26.6.3",
      "nodemon": "^2.0.7",
      "supertest": "^6.1.3"
    }
  }

yarn manifest: 
  No manifest

Lockfile: 
  
